<?xml version="1.0" encoding="UTF-8"?>
<!-- Generated by org.testng.reporters.JUnitXMLReporter -->
<testsuite ignored="0" hostname="LAPTOP-KBV6SF0Q" failures="0" tests="5" name="Testedge" time="41.635" errors="0" timestamp="2024-03-08T11:26:13 IST">
  <testcase classname="mock.UI_Testing" name="browser1" time="9.489"/>
  <testcase classname="mock.UI_Testing" name="browser2" time="8.353"/>
  <testcase classname="mock.UI_Testing" name="browser3" time="9.75"/>
  <testcase classname="mock.UI_Testing" name="browser4" time="7.11"/>
  <testcase classname="mock.UI_Testing" name="browser5" time="6.872"/>
</testsuite> <!-- Testedge -->
