<?xml version="1.0" encoding="UTF-8"?>
<!-- Generated by org.testng.reporters.JUnitXMLReporter -->
<testsuite ignored="0" hostname="LAPTOP-KBV6SF0Q" failures="0" tests="5" name="Testchrome" time="35.559" errors="0" timestamp="2024-03-08T11:26:07 IST">
  <testcase classname="mock.UI_Testing" name="browser1" time="8.058"/>
  <testcase classname="mock.UI_Testing" name="browser2" time="6.158"/>
  <testcase classname="mock.UI_Testing" name="browser3" time="8.004"/>
  <testcase classname="mock.UI_Testing" name="browser4" time="7.378"/>
  <testcase classname="mock.UI_Testing" name="browser5" time="5.878"/>
</testsuite> <!-- Testchrome -->
