<?xml version="1.0" encoding="UTF-8"?>
<testng-results ignored="0" total="1" passed="1" failed="0" skipped="0">
  <reporter-output>
  </reporter-output>
  <suite started-at="2024-03-08T22:31:49 IST" name="Suite" finished-at="2024-03-08T22:31:58 IST" duration-ms="8570">
    <groups>
    </groups>
    <test started-at="2024-03-08T22:31:49 IST" name="Test" finished-at="2024-03-08T22:31:58 IST" duration-ms="8570">
      <class name="mock.TC_002_Functional">
        <test-method signature="test_login()[pri:0, instance:mock.TC_002_Functional@7c7b252e]" started-at="2024-03-08T22:31:49 IST" name="test_login" finished-at="2024-03-08T22:31:58 IST" duration-ms="8533" status="PASS">
          <reporter-output>
          </reporter-output>
        </test-method> <!-- test_login -->
      </class> <!-- mock.TC_002_Functional -->
    </test> <!-- Test -->
  </suite> <!-- Suite -->
</testng-results>
